<?xml version="1.0" encoding="UTF-8"?>
<!-- Generated by org.testng.reporters.JUnitXMLReporter -->
<testsuite ignored="8" hostname="DESKTOP-0VG4TTE" failures="0" tests="59" name="Test" time="682.997" errors="0" timestamp="2022-05-10T16:30:38 IST">
  <testcase classname="com.phptravels.scripts.TCCustomer" name="verifyHomePage" time="1.11"/>
  <testcase classname="com.phptravels.scripts.TCCustomer" name="verifyCustomerFE" time="10.045"/>
  <testcase classname="com.phptravels.scripts.TCCustomer" name="verifyNullCFLogin" time="5.9"/>
  <testcase classname="com.phptravels.scripts.TCCustomer" name="verifyInvalidCFEmail" time="15.388"/>
  <testcase classname="com.phptravels.scripts.TCCustomer" name="verifyInvalidCFPass" time="11.112"/>
  <testcase classname="com.phptravels.scripts.TCCustomer" name="verifyvalidCFLogin" time="9.826"/>
  <testcase classname="com.phptravels.scripts.TCCustomer" name="verifyMyBookings" time="5.854"/>
  <testcase classname="com.phptravels.scripts.TCCustomer" name="verifyVoucher" time="16.1"/>
  <testcase classname="com.phptravels.scripts.TCCustomer" name="verifyAddFunds" time="7.087"/>
  <testcase classname="com.phptravels.scripts.TCCustomer" name="verifyPaybyPayPal" time="6.568"/>
  <testcase classname="com.phptravels.scripts.TCCustomer" name="verifyPayPal" time="27.907"/>
  <testcase classname="com.phptravels.scripts.TCCustomer" name="verifyMyProfile" time="4.456"/>
  <testcase classname="com.phptravels.scripts.TCCustomer" name="verifyAddress" time="8.979"/>
  <testcase classname="com.phptravels.scripts.TCCustomer" name="verifyLogout" time="5.679"/>
  <testcase classname="com.phptravels.scripts.TCAgent" name="verifyHomePage" time="0.091"/>
  <testcase classname="com.phptravels.scripts.TCAgent" name="verifyAgentFE" time="10.441"/>
  <testcase classname="com.phptravels.scripts.TCAgent" name="verifyNullCFLogin" time="3.79"/>
  <testcase classname="com.phptravels.scripts.TCAgent" name="verifyInvalidAFEmail" time="11.594"/>
  <testcase classname="com.phptravels.scripts.TCAgent" name="verifyInvalidAFPass" time="9.298"/>
  <testcase classname="com.phptravels.scripts.TCAgent" name="verifyValidAFLogin" time="8.249"/>
  <testcase classname="com.phptravels.scripts.TCAgent" name="verifyAFMyBookings" time="9.607"/>
  <testcase classname="com.phptravels.scripts.TCAgent" name="verifyAFAddFunds" time="8.113"/>
  <testcase classname="com.phptravels.scripts.TCAgent" name="verifyAFMyProfile" time="6.941"/>
  <testcase classname="com.phptravels.scripts.TCAgent" name="verifyAFHome" time="13.896"/>
  <testcase classname="com.phptravels.scripts.TCAgent" name="verifyAFHotels" time="8.595"/>
  <testcase classname="com.phptravels.scripts.TCAgent" name="verifyAFHotelsbyCity" time="13.683"/>
  <testcase classname="com.phptravels.scripts.TCAgent" name="verifyAFFlights" time="8.176"/>
  <testcase classname="com.phptravels.scripts.TCAgent" name="verifyAFTours" time="7.511"/>
  <testcase classname="com.phptravels.scripts.TCAgent" name="verifyAFVisa" time="7.146"/>
  <testcase classname="com.phptravels.scripts.TCAgent" name="verifyAFBlog" time="7.451"/>
  <testcase classname="com.phptravels.scripts.TCAgent" name="verifyAFOffers" time="8.86"/>
  <testcase classname="com.phptravels.scripts.TCAgent" name="verifyCurrency" time="10.584"/>
  <testcase classname="com.phptravels.scripts.TCAgent" name="verifyAFLogout" time="8.318"/>
  <testcase classname="com.phptravels.scripts.TCAdmin" name="verifyHomePage" time="1.216"/>
  <testcase classname="com.phptravels.scripts.TCAdmin" name="verifyAdminBE" time="6.902"/>
  <testcase classname="com.phptravels.scripts.TCAdmin" name="verifyNullABLogin" time="3.054"/>
  <testcase classname="com.phptravels.scripts.TCAdmin" name="verifyInvalidABEmail" time="6.436"/>
  <testcase classname="com.phptravels.scripts.TCAdmin" name="verifyInvalidABPass" time="7.876"/>
  <testcase classname="com.phptravels.scripts.TCAdmin" name="verifValidAdminBE" time="11.569"/>
  <testcase classname="com.phptravels.scripts.TCAdmin" name="verifyBookings" time="5.953"/>
  <testcase classname="com.phptravels.scripts.TCAdmin" name="verifyPaidBookings" time="6.053"/>
  <testcase classname="com.phptravels.scripts.TCAdmin" name="verifyInvoice" time="11.283"/>
  <testcase classname="com.phptravels.scripts.TCAdmin" name="verifycancelledBookings" time="5.649"/>
  <testcase classname="com.phptravels.scripts.TCAdmin" name="verifydeleteBookings" time="5.891"/>
  <testcase classname="com.phptravels.scripts.TCAdmin" name="verifyConfirmedBookings" time="11.4"/>
  <testcase classname="com.phptravels.scripts.TCAdmin" name="verifyWebsite" time="8.301"/>
  <testcase classname="com.phptravels.scripts.TCSupplier" name="verifyHomePage" time="0.309"/>
  <testcase classname="com.phptravels.scripts.TCSupplier" name="verifySupplierBE" time="12.728"/>
  <testcase classname="com.phptravels.scripts.TCSupplier" name="verifyNullSBLogin" time="2.998"/>
  <testcase classname="com.phptravels.scripts.TCSupplier" name="verifyInvalidSBEmail" time="8.012"/>
  <testcase classname="com.phptravels.scripts.TCSupplier" name="verifyInvalidSBPass" time="11.23"/>
  <testcase classname="com.phptravels.scripts.TCSupplier" name="verifValidSupplierBE" time="10.019"/>
  <testcase classname="com.phptravels.scripts.TCSupplier" name="verifySalesOverview" time="0.331"/>
  <testcase classname="com.phptravels.scripts.TCSupplier" name="verifyRevenueBD" time="0.235"/>
  <testcase classname="com.phptravels.scripts.TCSupplier" name="verifyTours" time="0.073"/>
  <testcase classname="com.phptravels.scripts.TCSupplier" name="verifyBookings" time="0.104"/>
  <testcase classname="com.phptravels.scripts.TCSupplier" name="verifyVisa" time="0.172"/>
  <testcase classname="com.phptravels.scripts.TCSupplier" name="verifyFlight" time="0.162"/>
  <testcase classname="com.phptravels.scripts.TCSupplier" name="verifyConfirmedBookings" time="9.119"/>
  <testcase classname="com.phptravels.scripts.TestBase" name="@AfterTest quitBrowser" time="0.0">
    <ignored/>
  </testcase> <!-- @AfterTest quitBrowser -->
  <testcase classname="com.phptravels.scripts.TestBase" name="@AfterTest quitBrowser" time="0.0">
    <ignored/>
  </testcase> <!-- @AfterTest quitBrowser -->
  <testcase classname="com.phptravels.scripts.TestBase" name="@AfterTest quitBrowser" time="0.0">
    <ignored/>
  </testcase> <!-- @AfterTest quitBrowser -->
  <testcase classname="com.phptravels.scripts.TestBase" name="@AfterTest quitBrowser" time="0.0">
    <ignored/>
  </testcase> <!-- @AfterTest quitBrowser -->
  <testcase classname="com.phptravels.scripts.TestBase" name="@BeforeTest onSetup" time="0.0">
    <ignored/>
  </testcase> <!-- @BeforeTest onSetup -->
  <testcase classname="com.phptravels.scripts.TestBase" name="@BeforeTest onSetup" time="0.0">
    <ignored/>
  </testcase> <!-- @BeforeTest onSetup -->
  <testcase classname="com.phptravels.scripts.TestBase" name="@BeforeTest onSetup" time="0.0">
    <ignored/>
  </testcase> <!-- @BeforeTest onSetup -->
  <testcase classname="com.phptravels.scripts.TestBase" name="@BeforeTest onSetup" time="0.0">
    <ignored/>
  </testcase> <!-- @BeforeTest onSetup -->
</testsuite> <!-- Test -->
