<?xml version="1.0" encoding="UTF-8"?>
<!-- Generated by org.testng.reporters.JUnitXMLReporter -->
<testsuite ignored="8" hostname="DESKTOP-0VG4TTE" failures="1" tests="59" name="Test" time="400.989" errors="0" timestamp="2022-05-18T23:31:39 IST">
  <testcase classname="com.phptravels.scripts.TCCustomer" name="verifyHomePage" time="0.883"/>
  <testcase classname="com.phptravels.scripts.TCCustomer" name="verifyCustomerFE" time="5.525"/>
  <testcase classname="com.phptravels.scripts.TCCustomer" name="verifyNullCFLogin" time="4.116"/>
  <testcase classname="com.phptravels.scripts.TCCustomer" name="verifyInvalidCFEmail" time="15.312"/>
  <testcase classname="com.phptravels.scripts.TCCustomer" name="verifyInvalidCFPass" time="7.356"/>
  <testcase classname="com.phptravels.scripts.TCCustomer" name="verifyvalidCFLogin" time="7.879"/>
  <testcase classname="com.phptravels.scripts.TCCustomer" name="verifyMyBookings" time="4.097"/>
  <testcase classname="com.phptravels.scripts.TCCustomer" name="verifyVoucher" time="9.6"/>
  <testcase classname="com.phptravels.scripts.TCCustomer" name="verifyAddFunds" time="5.135"/>
  <testcase classname="com.phptravels.scripts.TCCustomer" name="verifyPaybyPayPal" time="7.452"/>
  <testcase classname="com.phptravels.scripts.TCCustomer" name="verifyPayPal" time="27.072"/>
  <testcase classname="com.phptravels.scripts.TCCustomer" name="verifyMyProfile" time="3.043"/>
  <testcase classname="com.phptravels.scripts.TCCustomer" name="verifyAddress" time="7.198"/>
  <testcase classname="com.phptravels.scripts.TCCustomer" name="verifyLogout" time="3.525"/>
  <testcase classname="com.phptravels.scripts.TCAgent" name="verifyHomePage" time="0.013"/>
  <testcase classname="com.phptravels.scripts.TCAgent" name="verifyAgentFE" time="4.444"/>
  <testcase classname="com.phptravels.scripts.TCAgent" name="verifyNullCFLogin" time="2.941"/>
  <testcase classname="com.phptravels.scripts.TCAgent" name="verifyInvalidAFEmail" time="8.866"/>
  <testcase classname="com.phptravels.scripts.TCAgent" name="verifyInvalidAFPass" time="7.564"/>
  <testcase classname="com.phptravels.scripts.TCAgent" name="verifyValidAFLogin" time="6.713"/>
  <testcase classname="com.phptravels.scripts.TCAgent" name="verifyAFMyBookings" time="6.803"/>
  <testcase classname="com.phptravels.scripts.TCAgent" name="verifyAFAddFunds" time="8.775"/>
  <testcase classname="com.phptravels.scripts.TCAgent" name="verifyAFMyProfile" time="9.598"/>
  <testcase classname="com.phptravels.scripts.TCAgent" name="verifyAFHome" time="11.48"/>
  <testcase classname="com.phptravels.scripts.TCAgent" name="verifyAFHotels" time="5.421"/>
  <testcase classname="com.phptravels.scripts.TCAgent" name="verifyAFHotelsbyCity" time="12.511"/>
  <testcase classname="com.phptravels.scripts.TCAgent" name="verifyAFFlights" time="5.494"/>
  <testcase classname="com.phptravels.scripts.TCAgent" name="verifyAFTours" time="4.967"/>
  <testcase classname="com.phptravels.scripts.TCAgent" name="verifyAFVisa" time="5.954"/>
  <testcase classname="com.phptravels.scripts.TCAgent" name="verifyAFBlog" time="5.923"/>
  <testcase classname="com.phptravels.scripts.TCAgent" name="verifyAFOffers" time="5.066"/>
  <testcase classname="com.phptravels.scripts.TCAgent" name="verifyCurrency" time="9.441"/>
  <testcase classname="com.phptravels.scripts.TCAgent" name="verifyAFLogout" time="6.863"/>
  <testcase classname="com.phptravels.scripts.TCAdmin" name="verifyHomePage" time="0.183"/>
  <testcase classname="com.phptravels.scripts.TCAdmin" name="verifyAdminBE" time="7.524"/>
  <testcase classname="com.phptravels.scripts.TCAdmin" name="verifyNullABLogin" time="2.663"/>
  <testcase classname="com.phptravels.scripts.TCAdmin" name="verifyInvalidABEmail" time="5.227"/>
  <testcase classname="com.phptravels.scripts.TCAdmin" name="verifyInvalidABPass" time="7.16"/>
  <testcase classname="com.phptravels.scripts.TCAdmin" name="verifValidAdminBE" time="9.554"/>
  <testcase classname="com.phptravels.scripts.TCAdmin" name="verifyBookings" time="5.366"/>
  <testcase classname="com.phptravels.scripts.TCAdmin" name="verifyPaidBookings" time="4.995"/>
  <testcase classname="com.phptravels.scripts.TCAdmin" name="verifyInvoice" time="6.113"/>
  <testcase classname="com.phptravels.scripts.TCAdmin" name="verifycancelledBookings" time="4.683"/>
  <testcase classname="com.phptravels.scripts.TCAdmin" name="verifydeleteBookings" time="4.729"/>
  <testcase classname="com.phptravels.scripts.TCAdmin" name="verifyConfirmedBookings" time="9.125"/>
  <testcase classname="com.phptravels.scripts.TCAdmin" name="verifyWebsite" time="8.427"/>
  <testcase classname="com.phptravels.scripts.TCSupplier" name="verifyHomePage" time="0.138"/>
  <testcase classname="com.phptravels.scripts.TCSupplier" name="verifySupplierBE" time="5.594"/>
  <testcase classname="com.phptravels.scripts.TCSupplier" name="verifyNullSBLogin" time="2.623"/>
  <testcase classname="com.phptravels.scripts.TCSupplier" name="verifyInvalidSBEmail" time="6.181"/>
  <testcase classname="com.phptravels.scripts.TCSupplier" name="verifyInvalidSBPass" time="6.843"/>
  <testcase classname="com.phptravels.scripts.TCSupplier" name="verifValidSupplierBE" time="6.782"/>
  <testcase classname="com.phptravels.scripts.TCSupplier" name="verifySalesOverview" time="0.323"/>
  <testcase classname="com.phptravels.scripts.TCSupplier" name="verifyRevenueBD" time="0.205"/>
  <testcase classname="com.phptravels.scripts.TCSupplier" name="verifyTours" time="0.12"/>
  <testcase classname="com.phptravels.scripts.TCSupplier" name="verifyBookings" time="0.121"/>
  <testcase classname="com.phptravels.scripts.TCSupplier" name="verifyVisa" time="0.224"/>
  <testcase classname="com.phptravels.scripts.TCSupplier" name="verifyFlight" time="0.098"/>
  <testcase classname="com.phptravels.scripts.TCSupplier" name="verifyConfirmedBookings" time="32.396">
    <failure type="org.openqa.selenium.NoSuchElementException" message="no such element: Unable to locate element: {&amp;quot;method&amp;quot;:&amp;quot;css selector&amp;quot;,&amp;quot;selector&amp;quot;:&amp;quot;#booking_status&amp;quot;}
  (Session info: chrome=101.0.4951.54)
For documentation on this error, please visit: https://www.seleniumhq.org/exceptions/no_such_element.html
Build info: version: &amp;apos;3.141.59&amp;apos;, revision: &amp;apos;e82be7d358&amp;apos;, time: &amp;apos;2018-11-14T08:17:03&amp;apos;
System info: host: &amp;apos;DESKTOP-0VG4TTE&amp;apos;, ip: &amp;apos;172.20.16.36&amp;apos;, os.name: &amp;apos;Windows 10&amp;apos;, os.arch: &amp;apos;amd64&amp;apos;, os.version: &amp;apos;10.0&amp;apos;, java.version: &amp;apos;16.0.2&amp;apos;
Driver info: org.openqa.selenium.chrome.ChromeDriver
Capabilities {acceptInsecureCerts: false, browserName: chrome, browserVersion: 101.0.4951.54, chrome: {chromedriverVersion: 101.0.4951.41 (93c720db8323..., userDataDir: C:\Users\annja\AppData\Loca...}, goog:chromeOptions: {debuggerAddress: localhost:56558}, javascriptEnabled: true, networkConnectionEnabled: false, pageLoadStrategy: normal, platform: WINDOWS, platformName: WINDOWS, proxy: Proxy(), setWindowRect: true, strictFileInteractability: false, timeouts: {implicit: 0, pageLoad: 300000, script: 30000}, unhandledPromptBehavior: dismiss and notify, webauthn:extension:credBlob: true, webauthn:extension:largeBlob: true, webauthn:virtualAuthenticators: true}
Session ID: 810bc422ac26d698de458696054047a4
*** Element info: {Using=id, value=booking_status}">
      <![CDATA[org.openqa.selenium.NoSuchElementException: no such element: Unable to locate element: {"method":"css selector","selector":"#booking_status"}
  (Session info: chrome=101.0.4951.54)
For documentation on this error, please visit: https://www.seleniumhq.org/exceptions/no_such_element.html
Build info: version: '3.141.59', revision: 'e82be7d358', time: '2018-11-14T08:17:03'
System info: host: 'DESKTOP-0VG4TTE', ip: '172.20.16.36', os.name: 'Windows 10', os.arch: 'amd64', os.version: '10.0', java.version: '16.0.2'
Driver info: org.openqa.selenium.chrome.ChromeDriver
Capabilities {acceptInsecureCerts: false, browserName: chrome, browserVersion: 101.0.4951.54, chrome: {chromedriverVersion: 101.0.4951.41 (93c720db8323..., userDataDir: C:\Users\annja\AppData\Loca...}, goog:chromeOptions: {debuggerAddress: localhost:56558}, javascriptEnabled: true, networkConnectionEnabled: false, pageLoadStrategy: normal, platform: WINDOWS, platformName: WINDOWS, proxy: Proxy(), setWindowRect: true, strictFileInteractability: false, timeouts: {implicit: 0, pageLoad: 300000, script: 30000}, unhandledPromptBehavior: dismiss and notify, webauthn:extension:credBlob: true, webauthn:extension:largeBlob: true, webauthn:virtualAuthenticators: true}
Session ID: 810bc422ac26d698de458696054047a4
*** Element info: {Using=id, value=booking_status}
at org.openqa.selenium.remote.http.W3CHttpResponseCodec.createException(W3CHttpResponseCodec.java:187)
at org.openqa.selenium.remote.http.W3CHttpResponseCodec.decode(W3CHttpResponseCodec.java:122)
at org.openqa.selenium.remote.http.W3CHttpResponseCodec.decode(W3CHttpResponseCodec.java:49)
at org.openqa.selenium.remote.HttpCommandExecutor.execute(HttpCommandExecutor.java:158)
at org.openqa.selenium.remote.service.DriverCommandExecutor.execute(DriverCommandExecutor.java:83)
at org.openqa.selenium.remote.RemoteWebDriver.execute(RemoteWebDriver.java:552)
at org.openqa.selenium.remote.RemoteWebDriver.findElement(RemoteWebDriver.java:323)
at org.openqa.selenium.remote.RemoteWebDriver.findElementById(RemoteWebDriver.java:372)
at org.openqa.selenium.By$ById.findElement(By.java:188)
at org.openqa.selenium.remote.RemoteWebDriver.findElement(RemoteWebDriver.java:315)
at org.openqa.selenium.support.pagefactory.DefaultElementLocator.findElement(DefaultElementLocator.java:69)
at org.openqa.selenium.support.pagefactory.internal.LocatingElementHandler.invoke(LocatingElementHandler.java:38)
at jdk.proxy2/jdk.proxy2.$Proxy15.getTagName(Unknown Source)
at org.openqa.selenium.support.ui.Select.<init>(Select.java:45)
at com.phptravels.pages.Supplier.statusDrpdn(Supplier.java:131)
at com.phptravels.scripts.TCSupplier.verifyConfirmedBookings(TCSupplier.java:219)
at java.base/java.util.ArrayList.forEach(ArrayList.java:1511)
... Removed 32 stack frames]]>
    </failure>
  </testcase> <!-- verifyConfirmedBookings -->
  <testcase classname="com.phptravels.scripts.TestBase" name="@AfterTest quitBrowser" time="0.0">
    <ignored/>
  </testcase> <!-- @AfterTest quitBrowser -->
  <testcase classname="com.phptravels.scripts.TestBase" name="@AfterTest quitBrowser" time="0.0">
    <ignored/>
  </testcase> <!-- @AfterTest quitBrowser -->
  <testcase classname="com.phptravels.scripts.TestBase" name="@AfterTest quitBrowser" time="0.0">
    <ignored/>
  </testcase> <!-- @AfterTest quitBrowser -->
  <testcase classname="com.phptravels.scripts.TestBase" name="@AfterTest quitBrowser" time="0.0">
    <ignored/>
  </testcase> <!-- @AfterTest quitBrowser -->
  <testcase classname="com.phptravels.scripts.TestBase" name="@BeforeTest onSetup" time="0.0">
    <ignored/>
  </testcase> <!-- @BeforeTest onSetup -->
  <testcase classname="com.phptravels.scripts.TestBase" name="@BeforeTest onSetup" time="0.0">
    <ignored/>
  </testcase> <!-- @BeforeTest onSetup -->
  <testcase classname="com.phptravels.scripts.TestBase" name="@BeforeTest onSetup" time="0.0">
    <ignored/>
  </testcase> <!-- @BeforeTest onSetup -->
  <testcase classname="com.phptravels.scripts.TestBase" name="@BeforeTest onSetup" time="0.0">
    <ignored/>
  </testcase> <!-- @BeforeTest onSetup -->
</testsuite> <!-- Test -->
